<?xml version="1.0" encoding="UTF-8"?>
<!-- Generated by org.testng.reporters.JUnitReportReporter -->
<testsuite hostname="Khan" failures="0" tests="1" name="Test_Model.Page_Model_Signin_Test" time="3.663" errors="0" timestamp="2022-08-07T09:14:00 EDT" skipped="0">
  <testcase classname="Test_Model.Page_Model_Signin_Test" name="OpenSignInPage" time="3.663"/>
  <system-out/>
</testsuite> <!-- Test_Model.Page_Model_Signin_Test -->
