<?xml version="1.0" encoding="UTF-8"?>
<!-- Generated by org.testng.reporters.JUnitReportReporter -->
<testsuite hostname="Khan" failures="0" tests="4" name="Basic_Autoamtion.Looping_TestNG" time="3.666" errors="0" timestamp="2022-07-17T11:06:26 EDT" skipped="1">
  <testcase classname="Basic_Autoamtion.Looping_TestNG" name="Adult_Selection" time="0.443"/>
  <system-out/>
  <testcase classname="Basic_Autoamtion.Looping_TestNG" name="Child_Selection" time="3.199"/>
  <system-out/>
  <testcase classname="Basic_Autoamtion.Looping_TestNG" name="Asserting_Adult_Child" time="0.024"/>
  <system-out/>
  <testcase classname="Basic_Autoamtion.Looping_TestNG" name="Invocation_threadpool">
    <skipped/>
  </testcase> <!-- Invocation_threadpool -->
  <system-out/>
</testsuite> <!-- Basic_Autoamtion.Looping_TestNG -->
