<?xml version="1.0" encoding="UTF-8"?>
<!-- Generated by org.testng.reporters.JUnitReportReporter -->
<testsuite hostname="Khan" failures="0" tests="2" name="Basic_Autoamtion.Autocomplete_input_Field" time="58.297" errors="0" timestamp="2022-07-23T10:52:03 EDT" skipped="0">
  <testcase classname="Basic_Autoamtion.Autocomplete_input_Field" name="AutoComplete" time="55.721"/>
  <system-out/>
  <testcase classname="Basic_Autoamtion.Autocomplete_input_Field" name="uploading_files" time="2.576"/>
  <system-out/>
</testsuite> <!-- Basic_Autoamtion.Autocomplete_input_Field -->
