<?xml version="1.0" encoding="UTF-8"?>
<!-- Generated by org.testng.reporters.JUnitReportReporter -->
<testsuite hostname="Khan" failures="0" tests="3" name="Basic_Autoamtion.Actions_Class" time="2.750" errors="0" timestamp="2022-07-24T10:41:51 EDT" skipped="2">
  <testcase classname="Basic_Autoamtion.Actions_Class" name="UpperCase" time="2.750"/>
  <system-out/>
  <testcase classname="Basic_Autoamtion.Actions_Class" name="Keys">
    <skipped/>
  </testcase> <!-- Keys -->
  <system-out/>
  <testcase classname="Basic_Autoamtion.Actions_Class" name="DragAndDrop">
    <skipped/>
  </testcase> <!-- DragAndDrop -->
  <system-out/>
</testsuite> <!-- Basic_Autoamtion.Actions_Class -->
