<?xml version="1.0" encoding="UTF-8"?>
<!-- Generated by org.testng.reporters.JUnitReportReporter -->
<testsuite hostname="Khan" failures="0" tests="2" name="Test_Model.Page_Model_Signup_Test" time="10.348" errors="0" timestamp="2022-08-07T10:13:39 EDT" skipped="0">
  <testcase classname="Test_Model.Page_Model_Signup_Test" name="SignUppage" time="5.076"/>
  <system-out/>
  <testcase classname="Test_Model.Page_Model_Signup_Test" name="OpenloginPage" time="5.272"/>
  <system-out/>
</testsuite> <!-- Test_Model.Page_Model_Signup_Test -->
