<?xml version="1.0" encoding="UTF-8"?>
<!-- Generated by org.testng.reporters.JUnitReportReporter -->
<testsuite hostname="Khan" failures="0" tests="6" name="Basic_Autoamtion.TestNG" time="17.305" errors="0" timestamp="2022-07-16T02:02:39 EDT" skipped="1">
  <testcase classname="Basic_Autoamtion.TestNG" name="Adult_selecting" time="1.722"/>
  <system-out/>
  <testcase classname="Basic_Autoamtion.TestNG" name="Child_selecting" time="0.472"/>
  <system-out/>
  <testcase classname="Basic_Autoamtion.TestNG" name="Asserting_Adult_Child" time="5.041"/>
  <system-out/>
  <testcase classname="Basic_Autoamtion.TestNG" name="Asserting_Adult_Child" time="5.031"/>
  <system-out/>
  <testcase classname="Basic_Autoamtion.TestNG" name="Asserting_Adult_Child" time="5.039"/>
  <system-out/>
  <testcase classname="Basic_Autoamtion.TestNG" name="Child">
    <skipped/>
  </testcase> <!-- Child -->
  <system-out/>
</testsuite> <!-- Basic_Autoamtion.TestNG -->
