<?xml version="1.0" encoding="UTF-8"?>
<!-- Generated by org.testng.reporters.JUnitReportReporter -->
<testsuite hostname="Khan" failures="0" tests="1" name="Basic_Autoamtion.Nested_Frame_Handling" time="0.343" errors="0" timestamp="2022-08-02T23:52:26 EDT" skipped="0">
  <testcase classname="Basic_Autoamtion.Nested_Frame_Handling" name="Logging_in" time="0.343"/>
  <system-out/>
</testsuite> <!-- Basic_Autoamtion.Nested_Frame_Handling -->
